app/build/intermediates/manifest_merge_blame_file/debug/manifest-merger-blame-debug-report.txt
1<?xml version="1.0" encoding="utf-8"?>
2<manifest xmlns:android="http://schemas.android.com/apk/res/android"
3    package="com.cz.sccppserver"
4    android:versionCode="1"
5    android:versionName="1.0" >
6
7    <uses-sdk
8        android:minSdkVersion="21"
9        android:targetSdkVersion="34" />
10
11    <uses-permission android:name="android.permission.INTERNET" />
11-->src\main\AndroidManifest.xml:2:5-67
11-->src\main\AndroidManifest.xml:2:22-64
12    <uses-permission android:name="android.permission.FOREGROUND_SERVICE" />
12-->src\main\AndroidManifest.xml:3:5-77
12-->src\main\AndroidManifest.xml:3:22-74
13
14    <application
14-->src\main\AndroidManifest.xml:5:5-9:19
15        android:debuggable="true"
16        android:extractNativeLibs="true"
17        android:label="SccppServer" >
17-->src\main\AndroidManifest.xml:5:18-45
18        <service
18-->src\main\AndroidManifest.xml:6:9-8:68
19            android:name="com.cz.sccppserver.Server"
19-->src\main\AndroidManifest.xml:6:18-40
20            android:exported="true"
20-->src\main\AndroidManifest.xml:7:18-41
21            android:foregroundServiceType="mediaProjection" />
21-->src\main\AndroidManifest.xml:8:18-65
22    </application>
23
24</manifest>